  Artifact.cpp
C:\Users\mikok\OneDrive\Pulpit\Project1\Project1\Artifact.cpp(36,17): warning C4244: 'argument': conversion from 'int' to 'float', possible loss of data
  AttackSpeedVendor.cpp
  Barrier.cpp
  BarrierEntity.cpp
C:\Users\mikok\OneDrive\Pulpit\Project1\Project1\BarrierEntity.cpp(5,8): warning C4244: 'initializing': conversion from 'float' to 'int', possible loss of data
C:\Users\mikok\OneDrive\Pulpit\Project1\Project1\BarrierEntity.cpp(6,8): warning C4244: 'initializing': conversion from 'float' to 'int', possible loss of data
C:\Users\mikok\OneDrive\Pulpit\Project1\Project1\BarrierEntity.cpp(7,11): warning C4244: 'initializing': conversion from 'const _Ty' to 'int', possible loss of data
          with
          [
              _Ty=float
          ]
C:\Users\mikok\OneDrive\Pulpit\Project1\Project1\BarrierEntity.cpp(11,33): warning C4244: '+=': conversion from 'float' to 'int', possible loss of data
C:\Users\mikok\OneDrive\Pulpit\Project1\Project1\BarrierEntity.cpp(12,17): warning C4244: '=': conversion from 'float' to 'int', possible loss of data
C:\Users\mikok\OneDrive\Pulpit\Project1\Project1\BarrierEntity.cpp(16,56): warning C4244: '+=': conversion from 'float' to 'int', possible loss of data
C:\Users\mikok\OneDrive\Pulpit\Project1\Project1\BarrierEntity.cpp(21,60): warning C4244: '+=': conversion from 'float' to 'int', possible loss of data
C:\Users\mikok\OneDrive\Pulpit\Project1\Project1\BarrierEntity.cpp(23,33): warning C4244: 'argument': conversion from 'int' to 'T', possible loss of data
          with
          [
              T=float
          ]
C:\Users\mikok\OneDrive\Pulpit\Project1\Project1\BarrierEntity.cpp(24,40): warning C4244: 'argument': conversion from 'int' to 'float', possible loss of data
C:\Users\mikok\OneDrive\Pulpit\Project1\Project1\BarrierEntity.cpp(24,25): warning C4244: 'argument': conversion from 'int' to 'float', possible loss of data
C:\Users\mikok\OneDrive\Pulpit\Project1\Project1\BarrierEntity.cpp(29,8): warning C4244: 'initializing': conversion from 'float' to 'int', possible loss of data
C:\Users\mikok\OneDrive\Pulpit\Project1\Project1\BarrierEntity.cpp(30,8): warning C4244: 'initializing': conversion from 'float' to 'int', possible loss of data
C:\Users\mikok\OneDrive\Pulpit\Project1\Project1\BarrierEntity.cpp(31,11): warning C4244: 'initializing': conversion from 'const _Ty' to 'int', possible loss of data
          with
          [
              _Ty=float
          ]
C:\Users\mikok\OneDrive\Pulpit\Project1\Project1\BarrierEntity.cpp(35,35): warning C4244: '+=': conversion from 'float' to 'int', possible loss of data
C:\Users\mikok\OneDrive\Pulpit\Project1\Project1\BarrierEntity.cpp(36,17): warning C4244: '=': conversion from 'float' to 'int', possible loss of data
C:\Users\mikok\OneDrive\Pulpit\Project1\Project1\BarrierEntity.cpp(40,57): warning C4244: '+=': conversion from 'float' to 'int', possible loss of data
C:\Users\mikok\OneDrive\Pulpit\Project1\Project1\BarrierEntity.cpp(45,61): warning C4244: '+=': conversion from 'float' to 'int', possible loss of data
C:\Users\mikok\OneDrive\Pulpit\Project1\Project1\BarrierEntity.cpp(47,36): warning C4244: 'argument': conversion from 'int' to 'T', possible loss of data
          with
          [
              T=float
          ]
C:\Users\mikok\OneDrive\Pulpit\Project1\Project1\BarrierEntity.cpp(48,34): warning C4244: 'argument': conversion from 'int' to 'float', possible loss of data
C:\Users\mikok\OneDrive\Pulpit\Project1\Project1\BarrierEntity.cpp(48,24): warning C4244: 'argument': conversion from 'int' to 'float', possible loss of data
C:\Users\mikok\OneDrive\Pulpit\Project1\Project1\BarrierEntity.cpp(70,69): warning C4244: 'argument': conversion from 'T' to 'int', possible loss of data
          with
          [
              T=float
          ]
C:\Users\mikok\OneDrive\Pulpit\Project1\Project1\BarrierEntity.cpp(73,53): warning C4244: 'argument': conversion from 'T' to 'int', possible loss of data
          with
          [
              T=float
          ]
C:\Users\mikok\OneDrive\Pulpit\Project1\Project1\BarrierEntity.cpp(77,69): warning C4244: 'argument': conversion from 'T' to 'int', possible loss of data
          with
          [
              T=float
          ]
C:\Users\mikok\OneDrive\Pulpit\Project1\Project1\BarrierEntity.cpp(80,53): warning C4244: 'argument': conversion from 'T' to 'int', possible loss of data
          with
          [
              T=float
          ]
C:\Users\mikok\OneDrive\Pulpit\Project1\Project1\BarrierEntity.cpp(58,7): warning C4101: 'help': unreferenced local variable
C:\Users\mikok\OneDrive\Pulpit\Project1\Project1\BarrierEntity.cpp(109,59): warning C4244: 'argument': conversion from 'float' to 'sf::Uint8', possible loss of data
  GameController.cpp
C:\Users\mikok\OneDrive\Pulpit\Project1\Project1\GameController.cpp(45,12): warning C4244: 'argument': conversion from 'time_t' to 'unsigned int', possible loss of data
C:\Users\mikok\OneDrive\Pulpit\Project1\Project1\GameController.cpp(75,70): warning C4244: 'argument': conversion from 'T' to 'float', possible loss of data
          with
          [
              T=unsigned int
          ]
C:\Users\mikok\OneDrive\Pulpit\Project1\Project1\GameController.cpp(75,50): warning C4244: 'argument': conversion from 'T' to 'float', possible loss of data
          with
          [
              T=unsigned int
          ]
C:\Users\mikok\OneDrive\Pulpit\Project1\Project1\GameController.cpp(130,74): warning C4244: 'argument': conversion from 'float' to 'unsigned int', possible loss of data
C:\Users\mikok\OneDrive\Pulpit\Project1\Project1\GameController.cpp(131,77): warning C4244: 'argument': conversion from 'float' to 'unsigned int', possible loss of data
C:\Users\mikok\OneDrive\Pulpit\Project1\Project1\GameController.cpp(132,73): warning C4244: 'argument': conversion from 'float' to 'unsigned int', possible loss of data
C:\Users\mikok\OneDrive\Pulpit\Project1\Project1\GameController.cpp(302,31): warning C4244: 'argument': conversion from 'T' to 'float', possible loss of data
          with
          [
              T=unsigned int
          ]
C:\Users\mikok\OneDrive\Pulpit\Project1\Project1\GameController.cpp(301,79): warning C4244: 'argument': conversion from 'T' to 'float', possible loss of data
          with
          [
              T=unsigned int
          ]
C:\Users\mikok\OneDrive\Pulpit\Project1\Project1\GameController.cpp(347,30): warning C4244: 'argument': conversion from 'T' to 'float', possible loss of data
          with
          [
              T=unsigned int
          ]
C:\Users\mikok\OneDrive\Pulpit\Project1\Project1\GameController.cpp(346,75): warning C4244: 'argument': conversion from 'T' to 'float', possible loss of data
          with
          [
              T=unsigned int
          ]
C:\Users\mikok\OneDrive\Pulpit\Project1\Project1\GameController.cpp(403,29): warning C4244: 'argument': conversion from 'T' to 'float', possible loss of data
          with
          [
              T=unsigned int
          ]
C:\Users\mikok\OneDrive\Pulpit\Project1\Project1\GameController.cpp(402,73): warning C4244: 'argument': conversion from 'T' to 'float', possible loss of data
          with
          [
              T=unsigned int
          ]
C:\Users\mikok\OneDrive\Pulpit\Project1\Project1\GameController.cpp(454,29): warning C4244: 'argument': conversion from 'T' to 'float', possible loss of data
          with
          [
              T=unsigned int
          ]
C:\Users\mikok\OneDrive\Pulpit\Project1\Project1\GameController.cpp(453,78): warning C4244: 'argument': conversion from 'T' to 'float', possible loss of data
          with
          [
              T=unsigned int
          ]
C:\Users\mikok\OneDrive\Pulpit\Project1\Project1\GameController.cpp(494,30): warning C4244: 'argument': conversion from 'T' to 'float', possible loss of data
          with
          [
              T=unsigned int
          ]
C:\Users\mikok\OneDrive\Pulpit\Project1\Project1\GameController.cpp(493,82): warning C4244: 'argument': conversion from 'T' to 'float', possible loss of data
          with
          [
              T=unsigned int
          ]
C:\Users\mikok\OneDrive\Pulpit\Project1\Project1\GameController.cpp(500,30): warning C4244: 'argument': conversion from 'T' to 'float', possible loss of data
          with
          [
              T=unsigned int
          ]
C:\Users\mikok\OneDrive\Pulpit\Project1\Project1\GameController.cpp(499,87): warning C4244: 'argument': conversion from 'T' to 'float', possible loss of data
          with
          [
              T=unsigned int
          ]
C:\Users\mikok\OneDrive\Pulpit\Project1\Project1\GameController.cpp(540,29): warning C4244: 'argument': conversion from 'T' to 'float', possible loss of data
          with
          [
              T=unsigned int
          ]
C:\Users\mikok\OneDrive\Pulpit\Project1\Project1\GameController.cpp(539,76): warning C4244: 'argument': conversion from 'T' to 'float', possible loss of data
          with
          [
              T=unsigned int
          ]
C:\Users\mikok\OneDrive\Pulpit\Project1\Project1\GameController.cpp(567,26): warning C4244: 'argument': conversion from 'T' to 'float', possible loss of data
          with
          [
              T=unsigned int
          ]
C:\Users\mikok\OneDrive\Pulpit\Project1\Project1\GameController.cpp(566,26): warning C4244: 'argument': conversion from 'T' to 'float', possible loss of data
          with
          [
              T=unsigned int
          ]
C:\Users\mikok\OneDrive\Pulpit\Project1\Project1\GameController.cpp(565,26): warning C4244: 'argument': conversion from 'T' to 'float', possible loss of data
          with
          [
              T=unsigned int
          ]
C:\Users\mikok\OneDrive\Pulpit\Project1\Project1\GameController.cpp(564,41): warning C4244: 'argument': conversion from 'T' to 'float', possible loss of data
          with
          [
              T=unsigned int
          ]
C:\Users\mikok\OneDrive\Pulpit\Project1\Project1\GameController.cpp(744,67): warning C4244: 'argument': conversion from 'T' to 'T', possible loss of data
          with
          [
              T=unsigned int
          ]
          and
          [
              T=float
          ]
C:\Users\mikok\OneDrive\Pulpit\Project1\Project1\GameController.cpp(744,43): warning C4244: 'argument': conversion from 'T' to 'T', possible loss of data
          with
          [
              T=unsigned int
          ]
          and
          [
              T=float
          ]
C:\Users\mikok\OneDrive\Pulpit\Project1\Project1\GameController.cpp(746,66): warning C4244: 'argument': conversion from 'T' to 'float', possible loss of data
          with
          [
              T=unsigned int
          ]
C:\Users\mikok\OneDrive\Pulpit\Project1\Project1\GameController.cpp(746,38): warning C4244: 'argument': conversion from 'T' to 'float', possible loss of data
          with
          [
              T=unsigned int
          ]
  Bouncy.cpp
  BouncyProjectile.cpp
  Chest.cpp
C:\Users\mikok\OneDrive\Pulpit\Project1\Project1\Chest.cpp(26,72): warning C4244: 'argument': conversion from 'double' to 'T', possible loss of data
          with
          [
              T=float
          ]
C:\Users\mikok\OneDrive\Pulpit\Project1\Project1\Chest.cpp(26,53): warning C4244: 'argument': conversion from 'double' to 'T', possible loss of data
          with
          [
              T=float
          ]
C:\Users\mikok\OneDrive\Pulpit\Project1\Project1\Chest.cpp(27,72): warning C4244: 'argument': conversion from 'double' to 'T', possible loss of data
          with
          [
              T=float
          ]
C:\Users\mikok\OneDrive\Pulpit\Project1\Project1\Chest.cpp(27,53): warning C4244: 'argument': conversion from 'double' to 'T', possible loss of data
          with
          [
              T=float
          ]
C:\Users\mikok\OneDrive\Pulpit\Project1\Project1\Chest.cpp(30,73): warning C4244: 'argument': conversion from 'double' to 'T', possible loss of data
          with
          [
              T=float
          ]
C:\Users\mikok\OneDrive\Pulpit\Project1\Project1\Chest.cpp(30,54): warning C4244: 'argument': conversion from 'double' to 'T', possible loss of data
          with
          [
              T=float
          ]
C:\Users\mikok\OneDrive\Pulpit\Project1\Project1\Chest.cpp(41,12): warning C4244: 'argument': conversion from 'time_t' to 'unsigned int', possible loss of data
C:\Users\mikok\OneDrive\Pulpit\Project1\Project1\Chest.cpp(56,31): warning C4244: 'argument': conversion from 'double' to 'T', possible loss of data
          with
          [
              T=float
          ]
C:\Users\mikok\OneDrive\Pulpit\Project1\Project1\Chest.cpp(55,54): warning C4244: 'argument': conversion from 'double' to 'T', possible loss of data
          with
          [
              T=float
          ]
C:\Users\mikok\OneDrive\Pulpit\Project1\Project1\Chest.cpp(58,31): warning C4244: 'argument': conversion from 'double' to 'T', possible loss of data
          with
          [
              T=float
          ]
C:\Users\mikok\OneDrive\Pulpit\Project1\Project1\Chest.cpp(57,54): warning C4244: 'argument': conversion from 'double' to 'T', possible loss of data
          with
          [
              T=float
          ]
C:\Users\mikok\OneDrive\Pulpit\Project1\Project1\Chest.cpp(60,31): warning C4244: 'argument': conversion from 'double' to 'T', possible loss of data
          with
          [
              T=float
          ]
C:\Users\mikok\OneDrive\Pulpit\Project1\Project1\Chest.cpp(59,54): warning C4244: 'argument': conversion from 'double' to 'T', possible loss of data
          with
          [
              T=float
          ]
  Cell.cpp
  Directions.cpp
  Healpoint.cpp
  HealthVendor.cpp
  Mage.cpp
C:\Users\mikok\OneDrive\Pulpit\Project1\Project1\Mage.cpp(29,72): warning C4244: 'argument': conversion from 'double' to 'T', possible loss of data
          with
          [
              T=float
          ]
C:\Users\mikok\OneDrive\Pulpit\Project1\Project1\Mage.cpp(29,53): warning C4244: 'argument': conversion from 'double' to 'T', possible loss of data
          with
          [
              T=float
          ]
  Main.cpp
  Entity.cpp
C:\Users\mikok\OneDrive\Pulpit\Project1\Project1\Entity.cpp(52,30): warning C4244: 'return': conversion from 'T' to 'int', possible loss of data
          with
          [
              T=float
          ]
C:\Users\mikok\OneDrive\Pulpit\Project1\Project1\Entity.cpp(56,30): warning C4244: 'return': conversion from 'T' to 'int', possible loss of data
          with
          [
              T=float
          ]
C:\Users\mikok\OneDrive\Pulpit\Project1\Project1\Entity.cpp(64,9): warning C4244: 'return': conversion from 'sf::Uint64' to 'int', possible loss of data
C:\Users\mikok\OneDrive\Pulpit\Project1\Project1\Entity.cpp(118,44): warning C4244: 'argument': conversion from 'int' to 'T', possible loss of data
          with
          [
              T=float
          ]
C:\Users\mikok\OneDrive\Pulpit\Project1\Project1\Entity.cpp(117,43): warning C4244: 'argument': conversion from 'int' to 'T', possible loss of data
          with
          [
              T=float
          ]
C:\Users\mikok\OneDrive\Pulpit\Project1\Project1\Entity.cpp(116,74): warning C4244: 'argument': conversion from 'int' to 'T', possible loss of data
          with
          [
              T=float
          ]
C:\Users\mikok\OneDrive\Pulpit\Project1\Project1\Entity.cpp(115,102): warning C4244: 'argument': conversion from 'int' to 'T', possible loss of data
          with
          [
              T=float
          ]
C:\Users\mikok\OneDrive\Pulpit\Project1\Project1\Entity.cpp(122,44): warning C4244: 'argument': conversion from 'int' to 'T', possible loss of data
          with
          [
              T=float
          ]
C:\Users\mikok\OneDrive\Pulpit\Project1\Project1\Entity.cpp(121,43): warning C4244: 'argument': conversion from 'int' to 'T', possible loss of data
          with
          [
              T=float
          ]
C:\Users\mikok\OneDrive\Pulpit\Project1\Project1\Entity.cpp(120,102): warning C4244: 'argument': conversion from 'int' to 'T', possible loss of data
          with
          [
              T=float
          ]
C:\Users\mikok\OneDrive\Pulpit\Project1\Project1\Entity.cpp(119,129): warning C4244: 'argument': conversion from 'int' to 'T', possible loss of data
          with
          [
              T=float
          ]
C:\Users\mikok\OneDrive\Pulpit\Project1\Project1\Entity.cpp(126,44): warning C4244: 'argument': conversion from 'int' to 'T', possible loss of data
          with
          [
              T=float
          ]
C:\Users\mikok\OneDrive\Pulpit\Project1\Project1\Entity.cpp(125,43): warning C4244: 'argument': conversion from 'int' to 'T', possible loss of data
          with
          [
              T=float
          ]
C:\Users\mikok\OneDrive\Pulpit\Project1\Project1\Entity.cpp(124,102): warning C4244: 'argument': conversion from 'int' to 'T', possible loss of data
          with
          [
              T=float
          ]
C:\Users\mikok\OneDrive\Pulpit\Project1\Project1\Entity.cpp(123,128): warning C4244: 'argument': conversion from 'int' to 'T', possible loss of data
          with
          [
              T=float
          ]
C:\Users\mikok\OneDrive\Pulpit\Project1\Project1\Entity.cpp(134,17): warning C4244: 'initializing': conversion from 'double' to 'float', possible loss of data
C:\Users\mikok\OneDrive\Pulpit\Project1\Project1\Entity.cpp(315,13): warning C4244: 'return': conversion from 'double' to 'float', possible loss of data
  Fireball.cpp
  FireballProjectile.cpp
C:\Users\mikok\OneDrive\Pulpit\Project1\Project1\FireballProjectile.cpp(12,21): warning C4244: 'argument': conversion from 'int' to 'float', possible loss of data
C:\Users\mikok\OneDrive\Pulpit\Project1\Project1\FireballProjectile.cpp(11,34): warning C4244: 'argument': conversion from 'int' to 'float', possible loss of data
C:\Users\mikok\OneDrive\Pulpit\Project1\Project1\FireballProjectile.cpp(65,13): warning C4244: 'argument': conversion from 'double' to 'sf::Uint8', possible loss of data
C:\Users\mikok\OneDrive\Pulpit\Project1\Project1\FireballProjectile.cpp(64,34): warning C4244: 'argument': conversion from 'double' to 'sf::Uint8', possible loss of data
C:\Users\mikok\OneDrive\Pulpit\Project1\Project1\FireballProjectile.cpp(90,62): warning C4244: 'argument': conversion from 'int' to 'T', possible loss of data
          with
          [
              T=float
          ]
C:\Users\mikok\OneDrive\Pulpit\Project1\Project1\FireballProjectile.cpp(90,43): warning C4244: 'argument': conversion from 'int' to 'T', possible loss of data
          with
          [
              T=float
          ]
C:\Users\mikok\OneDrive\Pulpit\Project1\Project1\FireballProjectile.cpp(101,63): warning C4244: 'argument': conversion from 'int' to 'T', possible loss of data
          with
          [
              T=float
          ]
C:\Users\mikok\OneDrive\Pulpit\Project1\Project1\FireballProjectile.cpp(101,44): warning C4244: 'argument': conversion from 'int' to 'T', possible loss of data
          with
          [
              T=float
          ]
C:\Users\mikok\OneDrive\Pulpit\Project1\Project1\FireballProjectile.cpp(162,36): warning C4244: 'argument': conversion from 'double' to 'sf::Uint8', possible loss of data
C:\Users\mikok\OneDrive\Pulpit\Project1\Project1\FireballProjectile.cpp(161,54): warning C4244: 'argument': conversion from 'double' to 'sf::Uint8', possible loss of data
C:\Users\mikok\OneDrive\Pulpit\Project1\Project1\FireballProjectile.cpp(166,29): warning C4244: 'argument': conversion from 'float' to 'sf::Uint8', possible loss of data
C:\Users\mikok\OneDrive\Pulpit\Project1\Project1\FireballProjectile.cpp(165,50): warning C4244: 'argument': conversion from 'float' to 'sf::Uint8', possible loss of data
C:\Users\mikok\OneDrive\Pulpit\Project1\Project1\FireballProjectile.cpp(170,38): warning C4244: 'argument': conversion from 'double' to 'sf::Uint8', possible loss of data
C:\Users\mikok\OneDrive\Pulpit\Project1\Project1\FireballProjectile.cpp(169,59): warning C4244: 'argument': conversion from 'double' to 'sf::Uint8', possible loss of data
  FlameProjectile.cpp
  Flamethrower.cpp
  Forcefield.cpp
  Compiling...
  ForcefieldProjectile.cpp
C:\Users\mikok\OneDrive\Pulpit\Project1\Project1\ForcefieldProjectile.cpp(17,7): warning C4101: 'help': unreferenced local variable
  Board.cpp
C:\Users\mikok\OneDrive\Pulpit\Project1\Project1\Board.cpp(38,21): warning C4244: 'return': conversion from 'float' to 'int', possible loss of data
C:\Users\mikok\OneDrive\Pulpit\Project1\Project1\Board.cpp(62,20): warning C4244: 'return': conversion from 'float' to 'int', possible loss of data
C:\Users\mikok\OneDrive\Pulpit\Project1\Project1\Board.cpp(84,8): warning C4101: 'h': unreferenced local variable
C:\Users\mikok\OneDrive\Pulpit\Project1\Project1\Board.cpp(215,12): warning C4244: 'return': conversion from 'float' to 'int', possible loss of data
C:\Users\mikok\OneDrive\Pulpit\Project1\Project1\Board.cpp(219,12): warning C4244: 'return': conversion from 'float' to 'int', possible loss of data
  Homing.cpp
  HomingProjectile.cpp
C:\Users\mikok\OneDrive\Pulpit\Project1\Project1\HomingProjectile.cpp(36,8): warning C4101: 'dis': unreferenced local variable
C:\Users\mikok\OneDrive\Pulpit\Project1\Project1\HomingProjectile.cpp(38,7): warning C4101: 'pass': unreferenced local variable
C:\Users\mikok\OneDrive\Pulpit\Project1\Project1\HomingProjectile.cpp(96,23): warning C4244: 'argument': conversion from 'int' to 'T', possible loss of data
          with
          [
              T=float
          ]
C:\Users\mikok\OneDrive\Pulpit\Project1\Project1\HomingProjectile.cpp(95,34): warning C4244: 'argument': conversion from 'int' to 'T', possible loss of data
          with
          [
              T=float
          ]
  MagicBolt.cpp
  MagicBoltProjectile.cpp
C:\Users\mikok\OneDrive\Pulpit\Project1\Project1\MagicBoltProjectile.cpp(46,78): warning C4244: 'argument': conversion from 'int' to 'T', possible loss of data
          with
          [
              T=float
          ]
C:\Users\mikok\OneDrive\Pulpit\Project1\Project1\MagicBoltProjectile.cpp(46,62): warning C4244: 'argument': conversion from 'int' to 'T', possible loss of data
          with
          [
              T=float
          ]
C:\Users\mikok\OneDrive\Pulpit\Project1\Project1\MagicBoltProjectile.cpp(99,17): warning C4305: '+=': truncation from 'double' to 'float'
C:\Users\mikok\OneDrive\Pulpit\Project1\Project1\MagicBoltProjectile.cpp(100,30): warning C4244: 'argument': conversion from 'float' to 'sf::Uint8', possible loss of data
  Map.cpp
  MapTile.cpp
C:\Users\mikok\OneDrive\Pulpit\Project1\Project1\MapTile.cpp(9,25): warning C4244: 'argument': conversion from 'T' to 'T', possible loss of data
          with
          [
              T=unsigned int
          ]
          and
          [
              T=float
          ]
C:\Users\mikok\OneDrive\Pulpit\Project1\Project1\MapTile.cpp(8,54): warning C4244: 'argument': conversion from 'T' to 'T', possible loss of data
          with
          [
              T=unsigned int
          ]
          and
          [
              T=float
          ]
C:\Users\mikok\OneDrive\Pulpit\Project1\Project1\MapTile.cpp(12,28): warning C4244: 'argument': conversion from 'T' to 'T', possible loss of data
          with
          [
              T=unsigned int
          ]
          and
          [
              T=float
          ]
C:\Users\mikok\OneDrive\Pulpit\Project1\Project1\MapTile.cpp(11,64): warning C4244: 'argument': conversion from 'T' to 'T', possible loss of data
          with
          [
              T=unsigned int
          ]
          and
          [
              T=float
          ]
C:\Users\mikok\OneDrive\Pulpit\Project1\Project1\MapTile.cpp(15,120): warning C4244: 'argument': conversion from 'T' to 'T', possible loss of data
          with
          [
              T=unsigned int
          ]
          and
          [
              T=float
          ]
C:\Users\mikok\OneDrive\Pulpit\Project1\Project1\MapTile.cpp(15,83): warning C4244: 'argument': conversion from 'T' to 'T', possible loss of data
          with
          [
              T=unsigned int
          ]
          and
          [
              T=float
          ]
C:\Users\mikok\OneDrive\Pulpit\Project1\Project1\MapTile.cpp(23,68): warning C4244: 'argument': conversion from 'T' to 'T', possible loss of data
          with
          [
              T=unsigned int
          ]
          and
          [
              T=float
          ]
C:\Users\mikok\OneDrive\Pulpit\Project1\Project1\MapTile.cpp(31,78): warning C4244: 'argument': conversion from 'T' to 'T', possible loss of data
          with
          [
              T=unsigned int
          ]
          and
          [
              T=float
          ]
C:\Users\mikok\OneDrive\Pulpit\Project1\Project1\MapTile.cpp(65,10): warning C4244: 'argument': conversion from 'float' to 'int', possible loss of data
C:\Users\mikok\OneDrive\Pulpit\Project1\Project1\MapTile.cpp(64,39): warning C4244: 'argument': conversion from 'float' to 'int', possible loss of data
C:\Users\mikok\OneDrive\Pulpit\Project1\Project1\MapTile.cpp(67,10): warning C4244: 'argument': conversion from 'float' to 'int', possible loss of data
C:\Users\mikok\OneDrive\Pulpit\Project1\Project1\MapTile.cpp(66,42): warning C4244: 'argument': conversion from 'float' to 'int', possible loss of data
C:\Users\mikok\OneDrive\Pulpit\Project1\Project1\MapTile.cpp(71,36): warning C4244: '=': conversion from 'const T' to 'int', possible loss of data
          with
          [
              T=float
          ]
C:\Users\mikok\OneDrive\Pulpit\Project1\Project1\MapTile.cpp(76,43): warning C4244: 'argument': conversion from 'float' to 'int', possible loss of data
C:\Users\mikok\OneDrive\Pulpit\Project1\Project1\MapTile.cpp(75,37): warning C4244: 'argument': conversion from 'float' to 'int', possible loss of data
C:\Users\mikok\OneDrive\Pulpit\Project1\Project1\MapTile.cpp(79,15): warning C4244: '=': conversion from 'T' to 'int', possible loss of data
          with
          [
              T=float
          ]
C:\Users\mikok\OneDrive\Pulpit\Project1\Project1\MapTile.cpp(85,52): warning C4244: 'argument': conversion from 'float' to 'int', possible loss of data
C:\Users\mikok\OneDrive\Pulpit\Project1\Project1\MapTile.cpp(84,39): warning C4244: 'argument': conversion from 'float' to 'int', possible loss of data
C:\Users\mikok\OneDrive\Pulpit\Project1\Project1\MapTile.cpp(229,12): warning C4244: '=': conversion from 'int' to 'float', possible loss of data
C:\Users\mikok\OneDrive\Pulpit\Project1\Project1\MapTile.cpp(234,12): warning C4244: '=': conversion from 'int' to 'float', possible loss of data
C:\Users\mikok\OneDrive\Pulpit\Project1\Project1\MapTile.cpp(249,9): warning C4244: 'return': conversion from 'float' to 'int', possible loss of data
C:\Users\mikok\OneDrive\Pulpit\Project1\Project1\MapTile.cpp(254,9): warning C4244: 'return': conversion from 'float' to 'int', possible loss of data
C:\Users\mikok\OneDrive\Pulpit\Project1\Project1\MapTile.cpp(259,28): warning C4244: 'return': conversion from 'const T' to 'int', possible loss of data
          with
          [
              T=float
          ]
C:\Users\mikok\OneDrive\Pulpit\Project1\Project1\MapTile.cpp(264,28): warning C4244: 'return': conversion from 'const T' to 'int', possible loss of data
          with
          [
              T=float
          ]
  Plains.cpp
C:\Users\mikok\OneDrive\Pulpit\Project1\Project1\Plains.cpp(12,12): warning C4244: '=': conversion from 'int' to 'float', possible loss of data
C:\Users\mikok\OneDrive\Pulpit\Project1\Project1\Plains.cpp(13,12): warning C4244: '=': conversion from 'int' to 'float', possible loss of data
C:\Users\mikok\OneDrive\Pulpit\Project1\Project1\Plains.cpp(21,42): warning C4244: 'argument': conversion from 'float' to 'int', possible loss of data
C:\Users\mikok\OneDrive\Pulpit\Project1\Project1\Plains.cpp(21,39): warning C4244: 'argument': conversion from 'float' to 'int', possible loss of data
C:\Users\mikok\OneDrive\Pulpit\Project1\Project1\Plains.cpp(21,21): warning C4244: 'argument': conversion from 'float' to 'int', possible loss of data
C:\Users\mikok\OneDrive\Pulpit\Project1\Project1\Plains.cpp(21,18): warning C4244: 'argument': conversion from 'float' to 'int', possible loss of data
  Plasmasword.cpp
C:\Users\mikok\OneDrive\Pulpit\Project1\Project1\Plasmasword.cpp(23,42): warning C4244: 'argument': conversion from 'int' to 'T', possible loss of data
          with
          [
              T=float
          ]
C:\Users\mikok\OneDrive\Pulpit\Project1\Project1\Plasmasword.cpp(26,82): warning C4244: 'argument': conversion from 'int' to 'T', possible loss of data
          with
          [
              T=float
          ]
C:\Users\mikok\OneDrive\Pulpit\Project1\Project1\Plasmasword.cpp(29,42): warning C4244: 'argument': conversion from 'int' to 'T', possible loss of data
          with
          [
              T=float
          ]
C:\Users\mikok\OneDrive\Pulpit\Project1\Project1\Plasmasword.cpp(32,85): warning C4244: 'argument': conversion from 'int' to 'T', possible loss of data
          with
          [
              T=float
          ]
  PlasmaswordProjectile.cpp
C:\Users\mikok\OneDrive\Pulpit\Project1\Project1\PlasmaswordProjectile.cpp(78,47): warning C4244: 'argument': conversion from 'int' to 'T', possible loss of data
          with
          [
              T=float
          ]
C:\Users\mikok\OneDrive\Pulpit\Project1\Project1\PlasmaswordProjectile.cpp(81,89): warning C4244: 'argument': conversion from 'int' to 'T', possible loss of data
          with
          [
              T=float
          ]
C:\Users\mikok\OneDrive\Pulpit\Project1\Project1\PlasmaswordProjectile.cpp(84,47): warning C4244: 'argument': conversion from 'int' to 'T', possible loss of data
          with
          [
              T=float
          ]
C:\Users\mikok\OneDrive\Pulpit\Project1\Project1\PlasmaswordProjectile.cpp(87,94): warning C4244: 'argument': conversion from 'int' to 'T', possible loss of data
          with
          [
              T=float
          ]
  Player.cpp
C:\Users\mikok\OneDrive\Pulpit\Project1\Project1\Player.cpp(21,55): warning C4244: 'argument': conversion from 'double' to 'T', possible loss of data
          with
          [
              T=float
          ]
C:\Users\mikok\OneDrive\Pulpit\Project1\Project1\Player.cpp(22,65): warning C4244: 'argument': conversion from 'double' to 'T', possible loss of data
          with
          [
              T=float
          ]
C:\Users\mikok\OneDrive\Pulpit\Project1\Project1\Player.cpp(27,72): warning C4244: 'argument': conversion from 'double' to 'T', possible loss of data
          with
          [
              T=float
          ]
C:\Users\mikok\OneDrive\Pulpit\Project1\Project1\Player.cpp(27,53): warning C4244: 'argument': conversion from 'double' to 'T', possible loss of data
          with
          [
              T=float
          ]
C:\Users\mikok\OneDrive\Pulpit\Project1\Project1\Player.cpp(49,41): warning C4244: 'argument': conversion from 'int' to 'T', possible loss of data
          with
          [
              T=float
          ]
C:\Users\mikok\OneDrive\Pulpit\Project1\Project1\Player.cpp(52,82): warning C4244: 'argument': conversion from 'int' to 'T', possible loss of data
          with
          [
              T=float
          ]
C:\Users\mikok\OneDrive\Pulpit\Project1\Project1\Player.cpp(55,41): warning C4244: 'argument': conversion from 'int' to 'T', possible loss of data
          with
          [
              T=float
          ]
C:\Users\mikok\OneDrive\Pulpit\Project1\Project1\Player.cpp(58,68): warning C4244: 'argument': conversion from 'int' to 'T', possible loss of data
          with
          [
              T=float
          ]
C:\Users\mikok\OneDrive\Pulpit\Project1\Project1\Player.cpp(68,27): warning C4244: '=': conversion from 'float' to 'int', possible loss of data
C:\Users\mikok\OneDrive\Pulpit\Project1\Project1\Player.cpp(81,75): warning C4244: 'argument': conversion from 'int' to 'T', possible loss of data
          with
          [
              T=float
          ]
C:\Users\mikok\OneDrive\Pulpit\Project1\Project1\Player.cpp(81,61): warning C4244: 'argument': conversion from 'int' to 'T', possible loss of data
          with
          [
              T=float
          ]
  Projectile.cpp
C:\Users\mikok\OneDrive\Pulpit\Project1\Project1\Projectile.cpp(18,11): warning C4244: 'initializing': conversion from 'T' to 'int', possible loss of data
          with
          [
              T=float
          ]
C:\Users\mikok\OneDrive\Pulpit\Project1\Project1\Projectile.cpp(19,10): warning C4244: 'initializing': conversion from 'T' to 'int', possible loss of data
          with
          [
              T=float
          ]
C:\Users\mikok\OneDrive\Pulpit\Project1\Project1\Projectile.cpp(20,12): warning C4244: 'initializing': conversion from 'T' to 'int', possible loss of data
          with
          [
              T=float
          ]
C:\Users\mikok\OneDrive\Pulpit\Project1\Project1\Projectile.cpp(21,13): warning C4244: 'initializing': conversion from 'T' to 'int', possible loss of data
          with
          [
              T=float
          ]
C:\Users\mikok\OneDrive\Pulpit\Project1\Project1\Projectile.cpp(26,11): warning C4244: 'initializing': conversion from 'T' to 'int', possible loss of data
          with
          [
              T=float
          ]
C:\Users\mikok\OneDrive\Pulpit\Project1\Project1\Projectile.cpp(27,10): warning C4244: 'initializing': conversion from 'T' to 'int', possible loss of data
          with
          [
              T=float
          ]
C:\Users\mikok\OneDrive\Pulpit\Project1\Project1\Projectile.cpp(28,12): warning C4244: 'initializing': conversion from 'T' to 'int', possible loss of data
          with
          [
              T=float
          ]
C:\Users\mikok\OneDrive\Pulpit\Project1\Project1\Projectile.cpp(29,13): warning C4244: 'initializing': conversion from 'T' to 'int', possible loss of data
          with
          [
              T=float
          ]
C:\Users\mikok\OneDrive\Pulpit\Project1\Project1\Projectile.cpp(72,30): warning C4244: 'return': conversion from 'T' to 'int', possible loss of data
          with
          [
              T=float
          ]
C:\Users\mikok\OneDrive\Pulpit\Project1\Project1\Projectile.cpp(76,30): warning C4244: 'return': conversion from 'T' to 'int', possible loss of data
          with
          [
              T=float
          ]
C:\Users\mikok\OneDrive\Pulpit\Project1\Project1\Projectile.cpp(104,31): warning C4244: 'argument': conversion from 'T' to 'float', possible loss of data
          with
          [
              T=int
          ]
C:\Users\mikok\OneDrive\Pulpit\Project1\Project1\Projectile.cpp(104,20): warning C4244: 'argument': conversion from 'T' to 'float', possible loss of data
          with
          [
              T=int
          ]
  SpeedShrine.cpp
C:\Users\mikok\OneDrive\Pulpit\Project1\Project1\SpeedShrine.cpp(13,12): warning C4244: '=': conversion from 'int' to 'float', possible loss of data
C:\Users\mikok\OneDrive\Pulpit\Project1\Project1\SpeedShrine.cpp(14,12): warning C4244: '=': conversion from 'int' to 'float', possible loss of data
C:\Users\mikok\OneDrive\Pulpit\Project1\Project1\SpeedShrine.cpp(32,47): warning C4244: 'argument': conversion from 'float' to 'int', possible loss of data
C:\Users\mikok\OneDrive\Pulpit\Project1\Project1\SpeedShrine.cpp(32,44): warning C4244: 'argument': conversion from 'float' to 'int', possible loss of data
C:\Users\mikok\OneDrive\Pulpit\Project1\Project1\SpeedShrine.cpp(32,21): warning C4244: 'argument': conversion from 'float' to 'int', possible loss of data
C:\Users\mikok\OneDrive\Pulpit\Project1\Project1\SpeedShrine.cpp(32,18): warning C4244: 'argument': conversion from 'float' to 'int', possible loss of data
  StartTile.cpp
C:\Users\mikok\OneDrive\Pulpit\Project1\Project1\StartTile.cpp(13,12): warning C4244: '=': conversion from 'int' to 'float', possible loss of data
C:\Users\mikok\OneDrive\Pulpit\Project1\Project1\StartTile.cpp(14,12): warning C4244: '=': conversion from 'int' to 'float', possible loss of data
C:\Users\mikok\OneDrive\Pulpit\Project1\Project1\StartTile.cpp(27,44): warning C4244: 'argument': conversion from 'double' to 'sf::Uint8', possible loss of data
C:\Users\mikok\OneDrive\Pulpit\Project1\Project1\StartTile.cpp(26,44): warning C4244: 'argument': conversion from 'double' to 'sf::Uint8', possible loss of data
C:\Users\mikok\OneDrive\Pulpit\Project1\Project1\StartTile.cpp(25,65): warning C4244: 'argument': conversion from 'double' to 'sf::Uint8', possible loss of data
C:\Users\mikok\OneDrive\Pulpit\Project1\Project1\StartTile.cpp(28,15): warning C4305: '-=': truncation from 'double' to 'float'
C:\Users\mikok\OneDrive\Pulpit\Project1\Project1\StartTile.cpp(38,44): warning C4244: 'argument': conversion from 'double' to 'sf::Uint8', possible loss of data
C:\Users\mikok\OneDrive\Pulpit\Project1\Project1\StartTile.cpp(37,44): warning C4244: 'argument': conversion from 'double' to 'sf::Uint8', possible loss of data
C:\Users\mikok\OneDrive\Pulpit\Project1\Project1\StartTile.cpp(36,65): warning C4244: 'argument': conversion from 'double' to 'sf::Uint8', possible loss of data
C:\Users\mikok\OneDrive\Pulpit\Project1\Project1\StartTile.cpp(39,15): warning C4305: '-=': truncation from 'double' to 'float'
  Stone.cpp
C:\Users\mikok\OneDrive\Pulpit\Project1\Project1\Stone.cpp(13,12): warning C4244: '=': conversion from 'int' to 'float', possible loss of data
C:\Users\mikok\OneDrive\Pulpit\Project1\Project1\Stone.cpp(14,12): warning C4244: '=': conversion from 'int' to 'float', possible loss of data
C:\Users\mikok\OneDrive\Pulpit\Project1\Project1\Stone.cpp(22,43): warning C4244: 'argument': conversion from 'float' to 'int', possible loss of data
C:\Users\mikok\OneDrive\Pulpit\Project1\Project1\Stone.cpp(22,40): warning C4244: 'argument': conversion from 'float' to 'int', possible loss of data
C:\Users\mikok\OneDrive\Pulpit\Project1\Project1\Stone.cpp(22,21): warning C4244: 'argument': conversion from 'float' to 'int', possible loss of data
C:\Users\mikok\OneDrive\Pulpit\Project1\Project1\Stone.cpp(22,18): warning C4244: 'argument': conversion from 'float' to 'int', possible loss of data
C:\Users\mikok\OneDrive\Pulpit\Project1\Project1\Stone.cpp(27,43): warning C4244: 'argument': conversion from 'float' to 'int', possible loss of data
C:\Users\mikok\OneDrive\Pulpit\Project1\Project1\Stone.cpp(27,40): warning C4244: 'argument': conversion from 'float' to 'int', possible loss of data
C:\Users\mikok\OneDrive\Pulpit\Project1\Project1\Stone.cpp(27,21): warning C4244: 'argument': conversion from 'float' to 'int', possible loss of data
C:\Users\mikok\OneDrive\Pulpit\Project1\Project1\Stone.cpp(27,18): warning C4244: 'argument': conversion from 'float' to 'int', possible loss of data
  StrengthShrine.cpp
C:\Users\mikok\OneDrive\Pulpit\Project1\Project1\StrengthShrine.cpp(13,12): warning C4244: '=': conversion from 'int' to 'float', possible loss of data
C:\Users\mikok\OneDrive\Pulpit\Project1\Project1\StrengthShrine.cpp(14,12): warning C4244: '=': conversion from 'int' to 'float', possible loss of data
C:\Users\mikok\OneDrive\Pulpit\Project1\Project1\StrengthShrine.cpp(32,47): warning C4244: 'argument': conversion from 'float' to 'int', possible loss of data
C:\Users\mikok\OneDrive\Pulpit\Project1\Project1\StrengthShrine.cpp(32,44): warning C4244: 'argument': conversion from 'float' to 'int', possible loss of data
C:\Users\mikok\OneDrive\Pulpit\Project1\Project1\StrengthShrine.cpp(32,21): warning C4244: 'argument': conversion from 'float' to 'int', possible loss of data
C:\Users\mikok\OneDrive\Pulpit\Project1\Project1\StrengthShrine.cpp(32,18): warning C4244: 'argument': conversion from 'float' to 'int', possible loss of data
  UsedShrine.cpp
C:\Users\mikok\OneDrive\Pulpit\Project1\Project1\UsedShrine.cpp(10,12): warning C4244: '=': conversion from 'int' to 'float', possible loss of data
C:\Users\mikok\OneDrive\Pulpit\Project1\Project1\UsedShrine.cpp(11,12): warning C4244: '=': conversion from 'int' to 'float', possible loss of data
  Vendor.cpp
  Wall.cpp
C:\Users\mikok\OneDrive\Pulpit\Project1\Project1\Wall.cpp(12,12): warning C4244: '=': conversion from 'int' to 'float', possible loss of data
C:\Users\mikok\OneDrive\Pulpit\Project1\Project1\Wall.cpp(13,12): warning C4244: '=': conversion from 'int' to 'float', possible loss of data
  Compiling...
  Warrior.cpp
C:\Users\mikok\OneDrive\Pulpit\Project1\Project1\Warrior.cpp(26,72): warning C4244: 'argument': conversion from 'double' to 'T', possible loss of data
          with
          [
              T=float
          ]
C:\Users\mikok\OneDrive\Pulpit\Project1\Project1\Warrior.cpp(26,53): warning C4244: 'argument': conversion from 'double' to 'T', possible loss of data
          with
          [
              T=float
          ]
  Weapon.cpp
  WeaponChart.cpp
C:\Users\mikok\OneDrive\Pulpit\Project1\Project1\WeaponChart.cpp(47,41): warning C4267: '=': conversion from 'size_t' to 'int', possible loss of data
sfml-window.lib(sfml-window-2.dll) : fatal error LNK1112: module machine type 'x86' conflicts with target machine type 'x64'
