c:\users\mikok\onedrive\pulpit\project1\project1\release\vc142.pdb
c:\users\mikok\onedrive\pulpit\project1\project1\release\forcefield.obj
c:\users\mikok\onedrive\pulpit\project1\project1\release\flamethrower.obj
c:\users\mikok\onedrive\pulpit\project1\project1\release\flameprojectile.obj
c:\users\mikok\onedrive\pulpit\project1\project1\release\fireballprojectile.obj
c:\users\mikok\onedrive\pulpit\project1\project1\release\fireball.obj
c:\users\mikok\onedrive\pulpit\project1\project1\release\entity.obj
c:\users\mikok\onedrive\pulpit\project1\project1\release\main.obj
c:\users\mikok\onedrive\pulpit\project1\project1\release\mage.obj
c:\users\mikok\onedrive\pulpit\project1\project1\release\healthvendor.obj
c:\users\mikok\onedrive\pulpit\project1\project1\release\healpoint.obj
c:\users\mikok\onedrive\pulpit\project1\project1\release\directions.obj
c:\users\mikok\onedrive\pulpit\project1\project1\release\cell.obj
c:\users\mikok\onedrive\pulpit\project1\project1\release\chest.obj
c:\users\mikok\onedrive\pulpit\project1\project1\release\bouncyprojectile.obj
c:\users\mikok\onedrive\pulpit\project1\project1\release\bouncy.obj
c:\users\mikok\onedrive\pulpit\project1\project1\release\gamecontroller.obj
c:\users\mikok\onedrive\pulpit\project1\project1\release\barrierentity.obj
c:\users\mikok\onedrive\pulpit\project1\project1\release\barrier.obj
c:\users\mikok\onedrive\pulpit\project1\project1\release\attackspeedvendor.obj
c:\users\mikok\onedrive\pulpit\project1\project1\release\artifact.obj
c:\users\mikok\onedrive\pulpit\project1\project1\release\wall.obj
c:\users\mikok\onedrive\pulpit\project1\project1\release\vendor.obj
c:\users\mikok\onedrive\pulpit\project1\project1\release\usedshrine.obj
c:\users\mikok\onedrive\pulpit\project1\project1\release\strengthshrine.obj
c:\users\mikok\onedrive\pulpit\project1\project1\release\stone.obj
c:\users\mikok\onedrive\pulpit\project1\project1\release\starttile.obj
c:\users\mikok\onedrive\pulpit\project1\project1\release\speedshrine.obj
c:\users\mikok\onedrive\pulpit\project1\project1\release\projectile.obj
c:\users\mikok\onedrive\pulpit\project1\project1\release\player.obj
c:\users\mikok\onedrive\pulpit\project1\project1\release\plasmaswordprojectile.obj
c:\users\mikok\onedrive\pulpit\project1\project1\release\plasmasword.obj
c:\users\mikok\onedrive\pulpit\project1\project1\release\plains.obj
c:\users\mikok\onedrive\pulpit\project1\project1\release\maptile.obj
c:\users\mikok\onedrive\pulpit\project1\project1\release\map.obj
c:\users\mikok\onedrive\pulpit\project1\project1\release\magicboltprojectile.obj
c:\users\mikok\onedrive\pulpit\project1\project1\release\magicbolt.obj
c:\users\mikok\onedrive\pulpit\project1\project1\release\homingprojectile.obj
c:\users\mikok\onedrive\pulpit\project1\project1\release\homing.obj
c:\users\mikok\onedrive\pulpit\project1\project1\release\board.obj
c:\users\mikok\onedrive\pulpit\project1\project1\release\forcefieldprojectile.obj
c:\users\mikok\onedrive\pulpit\project1\project1\release\weaponchart.obj
c:\users\mikok\onedrive\pulpit\project1\project1\release\weapon.obj
c:\users\mikok\onedrive\pulpit\project1\project1\release\warrior.obj
c:\users\mikok\onedrive\pulpit\project1\release\wizardly.exe
c:\users\mikok\onedrive\pulpit\project1\release\wizardly.pdb
c:\users\mikok\onedrive\pulpit\project1\release\wizardly.ipdb
c:\users\mikok\onedrive\pulpit\project1\release\wizardly.iobj
c:\users\mikok\onedrive\pulpit\project1\project1\release\wizardly.tlog\cl.command.1.tlog
c:\users\mikok\onedrive\pulpit\project1\project1\release\wizardly.tlog\cl.read.1.tlog
c:\users\mikok\onedrive\pulpit\project1\project1\release\wizardly.tlog\cl.write.1.tlog
c:\users\mikok\onedrive\pulpit\project1\project1\release\wizardly.tlog\link.command.1.tlog
c:\users\mikok\onedrive\pulpit\project1\project1\release\wizardly.tlog\link.read.1.tlog
c:\users\mikok\onedrive\pulpit\project1\project1\release\wizardly.tlog\link.write.1.tlog
c:\users\mikok\onedrive\pulpit\project1\project1\release\wizardly.tlog\wizardly.write.1u.tlog
