C:\Program Files (x86)\Microsoft Visual Studio\2019\Community\MSBuild\Microsoft\VC\v160\Microsoft.CppBuild.targets(491,5): warning MSB8028: The intermediate directory (Debug\) contains files shared from another project (Project1.vcxproj).  This can lead to incorrect clean and rebuild behavior.
  Artifact.cpp
  AttackSpeedVendor.cpp
  Barrier.cpp
  BarrierEntity.cpp
  GameController.cpp
  Bouncy.cpp
  BouncyProjectile.cpp
  Chest.cpp
  Cell.cpp
  Directions.cpp
  Healpoint.cpp
  HealthVendor.cpp
  Mage.cpp
  Main.cpp
  Entity.cpp
  Fireball.cpp
  FireballProjectile.cpp
  FlameProjectile.cpp
  Flamethrower.cpp
  Forcefield.cpp
  Generating Code...
  Compiling...
  ForcefieldProjectile.cpp
  Board.cpp
  Homing.cpp
  HomingProjectile.cpp
  MagicBolt.cpp
  MagicBoltProjectile.cpp
  Map.cpp
  MapTile.cpp
  Plains.cpp
  Plasmasword.cpp
  PlasmaswordProjectile.cpp
  Player.cpp
  Projectile.cpp
  SpeedShrine.cpp
  StartTile.cpp
  Stone.cpp
  StrengthShrine.cpp
  UsedShrine.cpp
  Vendor.cpp
  Wall.cpp
  Generating Code...
  Compiling...
  Warrior.cpp
  Weapon.cpp
  WeaponChart.cpp
  Generating Code...
  Project1.vcxproj -> C:\Users\mikok\OneDrive\Pulpit\Project1\Debug\Wizardly.exe
